Determining if the function itoa exists failed with the following output:
Change Dir: /home/ebony/vizia/vizia_doom_src/CMakeFiles/CMakeTmp

Run Build Command:"/usr/bin/make" "cmTC_23269/fast"
/usr/bin/make -f CMakeFiles/cmTC_23269.dir/build.make CMakeFiles/cmTC_23269.dir/build
make[1]: Entering directory `/home/ebony/vizia/vizia_doom_src/CMakeFiles/CMakeTmp'
Building C object CMakeFiles/cmTC_23269.dir/CheckFunctionExists.c.o
/usr/bin/cc    -Wall -Wno-pointer-sign -Wno-uninitialized -DCHECK_FUNCTION_EXISTS=itoa   -o CMakeFiles/cmTC_23269.dir/CheckFunctionExists.c.o   -c /usr/local/share/cmake-3.4/Modules/CheckFunctionExists.c
Linking C executable cmTC_23269
/usr/local/bin/cmake -E cmake_link_script CMakeFiles/cmTC_23269.dir/link.txt --verbose=1
/usr/bin/cc    -Wall -Wno-pointer-sign -Wno-uninitialized -DCHECK_FUNCTION_EXISTS=itoa    CMakeFiles/cmTC_23269.dir/CheckFunctionExists.c.o  -o cmTC_23269 -rdynamic 
CMakeFiles/cmTC_23269.dir/CheckFunctionExists.c.o: In function `main':
CheckFunctionExists.c:(.text+0x15): undefined reference to `itoa'
collect2: error: ld returned 1 exit status
make[1]: *** [cmTC_23269] Error 1
make[1]: Leaving directory `/home/ebony/vizia/vizia_doom_src/CMakeFiles/CMakeTmp'
make: *** [cmTC_23269/fast] Error 2


Determining if the pthread_create exist failed with the following output:
Change Dir: /home/ebony/vizia/vizia_doom_src/CMakeFiles/CMakeTmp

Run Build Command:"/usr/bin/make" "cmTC_388b0/fast"
/usr/bin/make -f CMakeFiles/cmTC_388b0.dir/build.make CMakeFiles/cmTC_388b0.dir/build
make[1]: Entering directory `/home/ebony/vizia/vizia_doom_src/CMakeFiles/CMakeTmp'
Building C object CMakeFiles/cmTC_388b0.dir/CheckSymbolExists.c.o
/usr/bin/cc     -o CMakeFiles/cmTC_388b0.dir/CheckSymbolExists.c.o   -c /home/ebony/vizia/vizia_doom_src/CMakeFiles/CMakeTmp/CheckSymbolExists.c
Linking C executable cmTC_388b0
/usr/local/bin/cmake -E cmake_link_script CMakeFiles/cmTC_388b0.dir/link.txt --verbose=1
/usr/bin/cc        CMakeFiles/cmTC_388b0.dir/CheckSymbolExists.c.o  -o cmTC_388b0 -rdynamic 
CMakeFiles/cmTC_388b0.dir/CheckSymbolExists.c.o: In function `main':
CheckSymbolExists.c:(.text+0x16): undefined reference to `pthread_create'
collect2: error: ld returned 1 exit status
make[1]: *** [cmTC_388b0] Error 1
make[1]: Leaving directory `/home/ebony/vizia/vizia_doom_src/CMakeFiles/CMakeTmp'
make: *** [cmTC_388b0/fast] Error 2

File /home/ebony/vizia/vizia_doom_src/CMakeFiles/CMakeTmp/CheckSymbolExists.c:
/* */
#include <pthread.h>

int main(int argc, char** argv)
{
  (void)argv;
#ifndef pthread_create
  return ((int*)(&pthread_create))[argc];
#else
  (void)argc;
  return 0;
#endif
}

Determining if the function pthread_create exists in the pthreads failed with the following output:
Change Dir: /home/ebony/vizia/vizia_doom_src/CMakeFiles/CMakeTmp

Run Build Command:"/usr/bin/make" "cmTC_c46ce/fast"
/usr/bin/make -f CMakeFiles/cmTC_c46ce.dir/build.make CMakeFiles/cmTC_c46ce.dir/build
make[1]: Entering directory `/home/ebony/vizia/vizia_doom_src/CMakeFiles/CMakeTmp'
Building C object CMakeFiles/cmTC_c46ce.dir/CheckFunctionExists.c.o
/usr/bin/cc    -DCHECK_FUNCTION_EXISTS=pthread_create   -o CMakeFiles/cmTC_c46ce.dir/CheckFunctionExists.c.o   -c /usr/local/share/cmake-3.4/Modules/CheckFunctionExists.c
Linking C executable cmTC_c46ce
/usr/local/bin/cmake -E cmake_link_script CMakeFiles/cmTC_c46ce.dir/link.txt --verbose=1
/usr/bin/cc    -DCHECK_FUNCTION_EXISTS=pthread_create    CMakeFiles/cmTC_c46ce.dir/CheckFunctionExists.c.o  -o cmTC_c46ce -rdynamic -lpthreads 
/usr/bin/ld: cannot find -lpthreads
collect2: error: ld returned 1 exit status
make[1]: *** [cmTC_c46ce] Error 1
make[1]: Leaving directory `/home/ebony/vizia/vizia_doom_src/CMakeFiles/CMakeTmp'
make: *** [cmTC_c46ce/fast] Error 2


Determining if the function filelength exists failed with the following output:
Change Dir: /home/ebony/vizia/vizia_doom_src/CMakeFiles/CMakeTmp

Run Build Command:"/usr/bin/make" "cmTC_c91e4/fast"
/usr/bin/make -f CMakeFiles/cmTC_c91e4.dir/build.make CMakeFiles/cmTC_c91e4.dir/build
make[1]: Entering directory `/home/ebony/vizia/vizia_doom_src/CMakeFiles/CMakeTmp'
Building C object CMakeFiles/cmTC_c91e4.dir/CheckFunctionExists.c.o
/usr/bin/cc    -DCHECK_FUNCTION_EXISTS=filelength   -o CMakeFiles/cmTC_c91e4.dir/CheckFunctionExists.c.o   -c /usr/local/share/cmake-3.4/Modules/CheckFunctionExists.c
Linking C executable cmTC_c91e4
/usr/local/bin/cmake -E cmake_link_script CMakeFiles/cmTC_c91e4.dir/link.txt --verbose=1
/usr/bin/cc    -DCHECK_FUNCTION_EXISTS=filelength    CMakeFiles/cmTC_c91e4.dir/CheckFunctionExists.c.o  -o cmTC_c91e4 -rdynamic 
CMakeFiles/cmTC_c91e4.dir/CheckFunctionExists.c.o: In function `main':
CheckFunctionExists.c:(.text+0x15): undefined reference to `filelength'
collect2: error: ld returned 1 exit status
make[1]: *** [cmTC_c91e4] Error 1
make[1]: Leaving directory `/home/ebony/vizia/vizia_doom_src/CMakeFiles/CMakeTmp'
make: *** [cmTC_c91e4/fast] Error 2


Determining if the function strupr exists failed with the following output:
Change Dir: /home/ebony/vizia/vizia_doom_src/CMakeFiles/CMakeTmp

Run Build Command:"/usr/bin/make" "cmTC_3b7c8/fast"
/usr/bin/make -f CMakeFiles/cmTC_3b7c8.dir/build.make CMakeFiles/cmTC_3b7c8.dir/build
make[1]: Entering directory `/home/ebony/vizia/vizia_doom_src/CMakeFiles/CMakeTmp'
Building C object CMakeFiles/cmTC_3b7c8.dir/CheckFunctionExists.c.o
/usr/bin/cc    -DCHECK_FUNCTION_EXISTS=strupr   -o CMakeFiles/cmTC_3b7c8.dir/CheckFunctionExists.c.o   -c /usr/local/share/cmake-3.4/Modules/CheckFunctionExists.c
Linking C executable cmTC_3b7c8
/usr/local/bin/cmake -E cmake_link_script CMakeFiles/cmTC_3b7c8.dir/link.txt --verbose=1
/usr/bin/cc    -DCHECK_FUNCTION_EXISTS=strupr    CMakeFiles/cmTC_3b7c8.dir/CheckFunctionExists.c.o  -o cmTC_3b7c8 -rdynamic 
CMakeFiles/cmTC_3b7c8.dir/CheckFunctionExists.c.o: In function `main':
CheckFunctionExists.c:(.text+0x15): undefined reference to `strupr'
collect2: error: ld returned 1 exit status
make[1]: *** [cmTC_3b7c8] Error 1
make[1]: Leaving directory `/home/ebony/vizia/vizia_doom_src/CMakeFiles/CMakeTmp'
make: *** [cmTC_3b7c8/fast] Error 2


Determining if the function stricmp exists failed with the following output:
Change Dir: /home/ebony/vizia/vizia_doom_src/CMakeFiles/CMakeTmp

Run Build Command:"/usr/bin/make" "cmTC_27df5/fast"
/usr/bin/make -f CMakeFiles/cmTC_27df5.dir/build.make CMakeFiles/cmTC_27df5.dir/build
make[1]: Entering directory `/home/ebony/vizia/vizia_doom_src/CMakeFiles/CMakeTmp'
Building C object CMakeFiles/cmTC_27df5.dir/CheckFunctionExists.c.o
/usr/bin/cc    -DCHECK_FUNCTION_EXISTS=stricmp   -o CMakeFiles/cmTC_27df5.dir/CheckFunctionExists.c.o   -c /usr/local/share/cmake-3.4/Modules/CheckFunctionExists.c
Linking C executable cmTC_27df5
/usr/local/bin/cmake -E cmake_link_script CMakeFiles/cmTC_27df5.dir/link.txt --verbose=1
/usr/bin/cc    -DCHECK_FUNCTION_EXISTS=stricmp    CMakeFiles/cmTC_27df5.dir/CheckFunctionExists.c.o  -o cmTC_27df5 -rdynamic 
CMakeFiles/cmTC_27df5.dir/CheckFunctionExists.c.o: In function `main':
CheckFunctionExists.c:(.text+0x15): undefined reference to `stricmp'
collect2: error: ld returned 1 exit status
make[1]: *** [cmTC_27df5] Error 1
make[1]: Leaving directory `/home/ebony/vizia/vizia_doom_src/CMakeFiles/CMakeTmp'
make: *** [cmTC_27df5/fast] Error 2


Determining if the function strnicmp exists failed with the following output:
Change Dir: /home/ebony/vizia/vizia_doom_src/CMakeFiles/CMakeTmp

Run Build Command:"/usr/bin/make" "cmTC_70a06/fast"
/usr/bin/make -f CMakeFiles/cmTC_70a06.dir/build.make CMakeFiles/cmTC_70a06.dir/build
make[1]: Entering directory `/home/ebony/vizia/vizia_doom_src/CMakeFiles/CMakeTmp'
Building C object CMakeFiles/cmTC_70a06.dir/CheckFunctionExists.c.o
/usr/bin/cc    -DCHECK_FUNCTION_EXISTS=strnicmp   -o CMakeFiles/cmTC_70a06.dir/CheckFunctionExists.c.o   -c /usr/local/share/cmake-3.4/Modules/CheckFunctionExists.c
Linking C executable cmTC_70a06
/usr/local/bin/cmake -E cmake_link_script CMakeFiles/cmTC_70a06.dir/link.txt --verbose=1
/usr/bin/cc    -DCHECK_FUNCTION_EXISTS=strnicmp    CMakeFiles/cmTC_70a06.dir/CheckFunctionExists.c.o  -o cmTC_70a06 -rdynamic 
CMakeFiles/cmTC_70a06.dir/CheckFunctionExists.c.o: In function `main':
CheckFunctionExists.c:(.text+0x15): undefined reference to `strnicmp'
collect2: error: ld returned 1 exit status
make[1]: *** [cmTC_70a06] Error 1
make[1]: Leaving directory `/home/ebony/vizia/vizia_doom_src/CMakeFiles/CMakeTmp'
make: *** [cmTC_70a06/fast] Error 2


