The system is: Linux - 3.13.0-24-generic - x86_64
Compiling the C compiler identification source file "CMakeCCompilerId.c" succeeded.
Compiler: /usr/bin/cc 
Build flags: 
Id flags: 

The output was:
0


Compilation of the C compiler identification source "CMakeCCompilerId.c" produced "a.out"

The C compiler identification is GNU, found in "/home/ebony/vizia/vizia_doom_src/CMakeFiles/3.4.0-rc3/CompilerIdC/a.out"

Compiling the CXX compiler identification source file "CMakeCXXCompilerId.cpp" succeeded.
Compiler: /usr/bin/c++ 
Build flags: 
Id flags: 

The output was:
0


Compilation of the CXX compiler identification source "CMakeCXXCompilerId.cpp" produced "a.out"

The CXX compiler identification is GNU, found in "/home/ebony/vizia/vizia_doom_src/CMakeFiles/3.4.0-rc3/CompilerIdCXX/a.out"

Determining if the C compiler works passed with the following output:
Change Dir: /home/ebony/vizia/vizia_doom_src/CMakeFiles/CMakeTmp

Run Build Command:"/usr/bin/make" "cmTC_1fc37/fast"
/usr/bin/make -f CMakeFiles/cmTC_1fc37.dir/build.make CMakeFiles/cmTC_1fc37.dir/build
make[1]: Entering directory `/home/ebony/vizia/vizia_doom_src/CMakeFiles/CMakeTmp'
Building C object CMakeFiles/cmTC_1fc37.dir/testCCompiler.c.o
/usr/bin/cc     -o CMakeFiles/cmTC_1fc37.dir/testCCompiler.c.o   -c /home/ebony/vizia/vizia_doom_src/CMakeFiles/CMakeTmp/testCCompiler.c
Linking C executable cmTC_1fc37
/usr/local/bin/cmake -E cmake_link_script CMakeFiles/cmTC_1fc37.dir/link.txt --verbose=1
/usr/bin/cc       CMakeFiles/cmTC_1fc37.dir/testCCompiler.c.o  -o cmTC_1fc37 -rdynamic 
make[1]: Leaving directory `/home/ebony/vizia/vizia_doom_src/CMakeFiles/CMakeTmp'


Detecting C compiler ABI info compiled with the following output:
Change Dir: /home/ebony/vizia/vizia_doom_src/CMakeFiles/CMakeTmp

Run Build Command:"/usr/bin/make" "cmTC_ec40a/fast"
/usr/bin/make -f CMakeFiles/cmTC_ec40a.dir/build.make CMakeFiles/cmTC_ec40a.dir/build
make[1]: Entering directory `/home/ebony/vizia/vizia_doom_src/CMakeFiles/CMakeTmp'
Building C object CMakeFiles/cmTC_ec40a.dir/CMakeCCompilerABI.c.o
/usr/bin/cc     -o CMakeFiles/cmTC_ec40a.dir/CMakeCCompilerABI.c.o   -c /usr/local/share/cmake-3.4/Modules/CMakeCCompilerABI.c
Linking C executable cmTC_ec40a
/usr/local/bin/cmake -E cmake_link_script CMakeFiles/cmTC_ec40a.dir/link.txt --verbose=1
/usr/bin/cc      -v CMakeFiles/cmTC_ec40a.dir/CMakeCCompilerABI.c.o  -o cmTC_ec40a -rdynamic  
Using built-in specs.
COLLECT_GCC=/usr/bin/cc
COLLECT_LTO_WRAPPER=/usr/lib/gcc/x86_64-linux-gnu/4.8/lto-wrapper
Target: x86_64-linux-gnu
Configured with: ../src/configure -v --with-pkgversion='Ubuntu 4.8.4-2ubuntu1~14.04' --with-bugurl=file:///usr/share/doc/gcc-4.8/README.Bugs --enable-languages=c,c++,java,go,d,fortran,objc,obj-c++ --prefix=/usr --program-suffix=-4.8 --enable-shared --enable-linker-build-id --libexecdir=/usr/lib --without-included-gettext --enable-threads=posix --with-gxx-include-dir=/usr/include/c++/4.8 --libdir=/usr/lib --enable-nls --with-sysroot=/ --enable-clocale=gnu --enable-libstdcxx-debug --enable-libstdcxx-time=yes --enable-gnu-unique-object --disable-libmudflap --enable-plugin --with-system-zlib --disable-browser-plugin --enable-java-awt=gtk --enable-gtk-cairo --with-java-home=/usr/lib/jvm/java-1.5.0-gcj-4.8-amd64/jre --enable-java-home --with-jvm-root-dir=/usr/lib/jvm/java-1.5.0-gcj-4.8-amd64 --with-jvm-jar-dir=/usr/lib/jvm-exports/java-1.5.0-gcj-4.8-amd64 --with-arch-directory=amd64 --with-ecj-jar=/usr/share/java/eclipse-ecj.jar --enable-objc-gc --enable-multiarch --disable-werror --with-arch-32=i686 --with-abi=m64 --with-multilib-list=m32,m64,mx32 --with-tune=generic --enable-checking=release --build=x86_64-linux-gnu --host=x86_64-linux-gnu --target=x86_64-linux-gnu
Thread model: posix
gcc version 4.8.4 (Ubuntu 4.8.4-2ubuntu1~14.04) 
COMPILER_PATH=/usr/lib/gcc/x86_64-linux-gnu/4.8/:/usr/lib/gcc/x86_64-linux-gnu/4.8/:/usr/lib/gcc/x86_64-linux-gnu/:/usr/lib/gcc/x86_64-linux-gnu/4.8/:/usr/lib/gcc/x86_64-linux-gnu/
LIBRARY_PATH=/usr/lib/gcc/x86_64-linux-gnu/4.8/:/usr/lib/gcc/x86_64-linux-gnu/4.8/../../../x86_64-linux-gnu/:/usr/lib/gcc/x86_64-linux-gnu/4.8/../../../../lib/:/lib/x86_64-linux-gnu/:/lib/../lib/:/usr/lib/x86_64-linux-gnu/:/usr/lib/../lib/:/usr/lib/gcc/x86_64-linux-gnu/4.8/../../../:/lib/:/usr/lib/
COLLECT_GCC_OPTIONS='-v' '-o' 'cmTC_ec40a' '-rdynamic' '-mtune=generic' '-march=x86-64'
 /usr/lib/gcc/x86_64-linux-gnu/4.8/collect2 --sysroot=/ --build-id --eh-frame-hdr -m elf_x86_64 --hash-style=gnu --as-needed -export-dynamic -dynamic-linker /lib64/ld-linux-x86-64.so.2 -z relro -o cmTC_ec40a /usr/lib/gcc/x86_64-linux-gnu/4.8/../../../x86_64-linux-gnu/crt1.o /usr/lib/gcc/x86_64-linux-gnu/4.8/../../../x86_64-linux-gnu/crti.o /usr/lib/gcc/x86_64-linux-gnu/4.8/crtbegin.o -L/usr/lib/gcc/x86_64-linux-gnu/4.8 -L/usr/lib/gcc/x86_64-linux-gnu/4.8/../../../x86_64-linux-gnu -L/usr/lib/gcc/x86_64-linux-gnu/4.8/../../../../lib -L/lib/x86_64-linux-gnu -L/lib/../lib -L/usr/lib/x86_64-linux-gnu -L/usr/lib/../lib -L/usr/lib/gcc/x86_64-linux-gnu/4.8/../../.. CMakeFiles/cmTC_ec40a.dir/CMakeCCompilerABI.c.o -lgcc --as-needed -lgcc_s --no-as-needed -lc -lgcc --as-needed -lgcc_s --no-as-needed /usr/lib/gcc/x86_64-linux-gnu/4.8/crtend.o /usr/lib/gcc/x86_64-linux-gnu/4.8/../../../x86_64-linux-gnu/crtn.o
make[1]: Leaving directory `/home/ebony/vizia/vizia_doom_src/CMakeFiles/CMakeTmp'


Parsed C implicit link information from above output:
  link line regex: [^( *|.*[/\])(ld|([^/\]+-)?ld|collect2)[^/\]*( |$)]
  ignore line: [Change Dir: /home/ebony/vizia/vizia_doom_src/CMakeFiles/CMakeTmp]
  ignore line: []
  ignore line: [Run Build Command:"/usr/bin/make" "cmTC_ec40a/fast"]
  ignore line: [/usr/bin/make -f CMakeFiles/cmTC_ec40a.dir/build.make CMakeFiles/cmTC_ec40a.dir/build]
  ignore line: [make[1]: Entering directory `/home/ebony/vizia/vizia_doom_src/CMakeFiles/CMakeTmp']
  ignore line: [Building C object CMakeFiles/cmTC_ec40a.dir/CMakeCCompilerABI.c.o]
  ignore line: [/usr/bin/cc     -o CMakeFiles/cmTC_ec40a.dir/CMakeCCompilerABI.c.o   -c /usr/local/share/cmake-3.4/Modules/CMakeCCompilerABI.c]
  ignore line: [Linking C executable cmTC_ec40a]
  ignore line: [/usr/local/bin/cmake -E cmake_link_script CMakeFiles/cmTC_ec40a.dir/link.txt --verbose=1]
  ignore line: [/usr/bin/cc      -v CMakeFiles/cmTC_ec40a.dir/CMakeCCompilerABI.c.o  -o cmTC_ec40a -rdynamic  ]
  ignore line: [Using built-in specs.]
  ignore line: [COLLECT_GCC=/usr/bin/cc]
  ignore line: [COLLECT_LTO_WRAPPER=/usr/lib/gcc/x86_64-linux-gnu/4.8/lto-wrapper]
  ignore line: [Target: x86_64-linux-gnu]
  ignore line: [Configured with: ../src/configure -v --with-pkgversion='Ubuntu 4.8.4-2ubuntu1~14.04' --with-bugurl=file:///usr/share/doc/gcc-4.8/README.Bugs --enable-languages=c,c++,java,go,d,fortran,objc,obj-c++ --prefix=/usr --program-suffix=-4.8 --enable-shared --enable-linker-build-id --libexecdir=/usr/lib --without-included-gettext --enable-threads=posix --with-gxx-include-dir=/usr/include/c++/4.8 --libdir=/usr/lib --enable-nls --with-sysroot=/ --enable-clocale=gnu --enable-libstdcxx-debug --enable-libstdcxx-time=yes --enable-gnu-unique-object --disable-libmudflap --enable-plugin --with-system-zlib --disable-browser-plugin --enable-java-awt=gtk --enable-gtk-cairo --with-java-home=/usr/lib/jvm/java-1.5.0-gcj-4.8-amd64/jre --enable-java-home --with-jvm-root-dir=/usr/lib/jvm/java-1.5.0-gcj-4.8-amd64 --with-jvm-jar-dir=/usr/lib/jvm-exports/java-1.5.0-gcj-4.8-amd64 --with-arch-directory=amd64 --with-ecj-jar=/usr/share/java/eclipse-ecj.jar --enable-objc-gc --enable-multiarch --disable-werror --with-arch-32=i686 --with-abi=m64 --with-multilib-list=m32,m64,mx32 --with-tune=generic --enable-checking=release --build=x86_64-linux-gnu --host=x86_64-linux-gnu --target=x86_64-linux-gnu]
  ignore line: [Thread model: posix]
  ignore line: [gcc version 4.8.4 (Ubuntu 4.8.4-2ubuntu1~14.04) ]
  ignore line: [COMPILER_PATH=/usr/lib/gcc/x86_64-linux-gnu/4.8/:/usr/lib/gcc/x86_64-linux-gnu/4.8/:/usr/lib/gcc/x86_64-linux-gnu/:/usr/lib/gcc/x86_64-linux-gnu/4.8/:/usr/lib/gcc/x86_64-linux-gnu/]
  ignore line: [LIBRARY_PATH=/usr/lib/gcc/x86_64-linux-gnu/4.8/:/usr/lib/gcc/x86_64-linux-gnu/4.8/../../../x86_64-linux-gnu/:/usr/lib/gcc/x86_64-linux-gnu/4.8/../../../../lib/:/lib/x86_64-linux-gnu/:/lib/../lib/:/usr/lib/x86_64-linux-gnu/:/usr/lib/../lib/:/usr/lib/gcc/x86_64-linux-gnu/4.8/../../../:/lib/:/usr/lib/]
  ignore line: [COLLECT_GCC_OPTIONS='-v' '-o' 'cmTC_ec40a' '-rdynamic' '-mtune=generic' '-march=x86-64']
  link line: [ /usr/lib/gcc/x86_64-linux-gnu/4.8/collect2 --sysroot=/ --build-id --eh-frame-hdr -m elf_x86_64 --hash-style=gnu --as-needed -export-dynamic -dynamic-linker /lib64/ld-linux-x86-64.so.2 -z relro -o cmTC_ec40a /usr/lib/gcc/x86_64-linux-gnu/4.8/../../../x86_64-linux-gnu/crt1.o /usr/lib/gcc/x86_64-linux-gnu/4.8/../../../x86_64-linux-gnu/crti.o /usr/lib/gcc/x86_64-linux-gnu/4.8/crtbegin.o -L/usr/lib/gcc/x86_64-linux-gnu/4.8 -L/usr/lib/gcc/x86_64-linux-gnu/4.8/../../../x86_64-linux-gnu -L/usr/lib/gcc/x86_64-linux-gnu/4.8/../../../../lib -L/lib/x86_64-linux-gnu -L/lib/../lib -L/usr/lib/x86_64-linux-gnu -L/usr/lib/../lib -L/usr/lib/gcc/x86_64-linux-gnu/4.8/../../.. CMakeFiles/cmTC_ec40a.dir/CMakeCCompilerABI.c.o -lgcc --as-needed -lgcc_s --no-as-needed -lc -lgcc --as-needed -lgcc_s --no-as-needed /usr/lib/gcc/x86_64-linux-gnu/4.8/crtend.o /usr/lib/gcc/x86_64-linux-gnu/4.8/../../../x86_64-linux-gnu/crtn.o]
    arg [/usr/lib/gcc/x86_64-linux-gnu/4.8/collect2] ==> ignore
    arg [--sysroot=/] ==> ignore
    arg [--build-id] ==> ignore
    arg [--eh-frame-hdr] ==> ignore
    arg [-m] ==> ignore
    arg [elf_x86_64] ==> ignore
    arg [--hash-style=gnu] ==> ignore
    arg [--as-needed] ==> ignore
    arg [-export-dynamic] ==> ignore
    arg [-dynamic-linker] ==> ignore
    arg [/lib64/ld-linux-x86-64.so.2] ==> ignore
    arg [-zrelro] ==> ignore
    arg [-o] ==> ignore
    arg [cmTC_ec40a] ==> ignore
    arg [/usr/lib/gcc/x86_64-linux-gnu/4.8/../../../x86_64-linux-gnu/crt1.o] ==> ignore
    arg [/usr/lib/gcc/x86_64-linux-gnu/4.8/../../../x86_64-linux-gnu/crti.o] ==> ignore
    arg [/usr/lib/gcc/x86_64-linux-gnu/4.8/crtbegin.o] ==> ignore
    arg [-L/usr/lib/gcc/x86_64-linux-gnu/4.8] ==> dir [/usr/lib/gcc/x86_64-linux-gnu/4.8]
    arg [-L/usr/lib/gcc/x86_64-linux-gnu/4.8/../../../x86_64-linux-gnu] ==> dir [/usr/lib/gcc/x86_64-linux-gnu/4.8/../../../x86_64-linux-gnu]
    arg [-L/usr/lib/gcc/x86_64-linux-gnu/4.8/../../../../lib] ==> dir [/usr/lib/gcc/x86_64-linux-gnu/4.8/../../../../lib]
    arg [-L/lib/x86_64-linux-gnu] ==> dir [/lib/x86_64-linux-gnu]
    arg [-L/lib/../lib] ==> dir [/lib/../lib]
    arg [-L/usr/lib/x86_64-linux-gnu] ==> dir [/usr/lib/x86_64-linux-gnu]
    arg [-L/usr/lib/../lib] ==> dir [/usr/lib/../lib]
    arg [-L/usr/lib/gcc/x86_64-linux-gnu/4.8/../../..] ==> dir [/usr/lib/gcc/x86_64-linux-gnu/4.8/../../..]
    arg [CMakeFiles/cmTC_ec40a.dir/CMakeCCompilerABI.c.o] ==> ignore
    arg [-lgcc] ==> lib [gcc]
    arg [--as-needed] ==> ignore
    arg [-lgcc_s] ==> lib [gcc_s]
    arg [--no-as-needed] ==> ignore
    arg [-lc] ==> lib [c]
    arg [-lgcc] ==> lib [gcc]
    arg [--as-needed] ==> ignore
    arg [-lgcc_s] ==> lib [gcc_s]
    arg [--no-as-needed] ==> ignore
    arg [/usr/lib/gcc/x86_64-linux-gnu/4.8/crtend.o] ==> ignore
    arg [/usr/lib/gcc/x86_64-linux-gnu/4.8/../../../x86_64-linux-gnu/crtn.o] ==> ignore
  remove lib [gcc]
  remove lib [gcc_s]
  remove lib [gcc]
  remove lib [gcc_s]
  collapse library dir [/usr/lib/gcc/x86_64-linux-gnu/4.8] ==> [/usr/lib/gcc/x86_64-linux-gnu/4.8]
  collapse library dir [/usr/lib/gcc/x86_64-linux-gnu/4.8/../../../x86_64-linux-gnu] ==> [/usr/lib/x86_64-linux-gnu]
  collapse library dir [/usr/lib/gcc/x86_64-linux-gnu/4.8/../../../../lib] ==> [/usr/lib]
  collapse library dir [/lib/x86_64-linux-gnu] ==> [/lib/x86_64-linux-gnu]
  collapse library dir [/lib/../lib] ==> [/lib]
  collapse library dir [/usr/lib/x86_64-linux-gnu] ==> [/usr/lib/x86_64-linux-gnu]
  collapse library dir [/usr/lib/../lib] ==> [/usr/lib]
  collapse library dir [/usr/lib/gcc/x86_64-linux-gnu/4.8/../../..] ==> [/usr/lib]
  implicit libs: [c]
  implicit dirs: [/usr/lib/gcc/x86_64-linux-gnu/4.8;/usr/lib/x86_64-linux-gnu;/usr/lib;/lib/x86_64-linux-gnu;/lib]
  implicit fwks: []




Detecting C [-std=c11] compiler features compiled with the following output:
Change Dir: /home/ebony/vizia/vizia_doom_src/CMakeFiles/CMakeTmp

Run Build Command:"/usr/bin/make" "cmTC_6712d/fast"
/usr/bin/make -f CMakeFiles/cmTC_6712d.dir/build.make CMakeFiles/cmTC_6712d.dir/build
make[1]: Entering directory `/home/ebony/vizia/vizia_doom_src/CMakeFiles/CMakeTmp'
Building C object CMakeFiles/cmTC_6712d.dir/feature_tests.c.o
/usr/bin/cc    -std=c11 -o CMakeFiles/cmTC_6712d.dir/feature_tests.c.o   -c /home/ebony/vizia/vizia_doom_src/CMakeFiles/feature_tests.c
Linking C executable cmTC_6712d
/usr/local/bin/cmake -E cmake_link_script CMakeFiles/cmTC_6712d.dir/link.txt --verbose=1
/usr/bin/cc       CMakeFiles/cmTC_6712d.dir/feature_tests.c.o  -o cmTC_6712d -rdynamic 
make[1]: Leaving directory `/home/ebony/vizia/vizia_doom_src/CMakeFiles/CMakeTmp'


    Feature record: C_FEATURE:1c_function_prototypes
    Feature record: C_FEATURE:1c_restrict
    Feature record: C_FEATURE:1c_static_assert
    Feature record: C_FEATURE:1c_variadic_macros


Detecting C [-std=c99] compiler features compiled with the following output:
Change Dir: /home/ebony/vizia/vizia_doom_src/CMakeFiles/CMakeTmp

Run Build Command:"/usr/bin/make" "cmTC_ad4d9/fast"
/usr/bin/make -f CMakeFiles/cmTC_ad4d9.dir/build.make CMakeFiles/cmTC_ad4d9.dir/build
make[1]: Entering directory `/home/ebony/vizia/vizia_doom_src/CMakeFiles/CMakeTmp'
Building C object CMakeFiles/cmTC_ad4d9.dir/feature_tests.c.o
/usr/bin/cc    -std=c99 -o CMakeFiles/cmTC_ad4d9.dir/feature_tests.c.o   -c /home/ebony/vizia/vizia_doom_src/CMakeFiles/feature_tests.c
Linking C executable cmTC_ad4d9
/usr/local/bin/cmake -E cmake_link_script CMakeFiles/cmTC_ad4d9.dir/link.txt --verbose=1
/usr/bin/cc       CMakeFiles/cmTC_ad4d9.dir/feature_tests.c.o  -o cmTC_ad4d9 -rdynamic 
make[1]: Leaving directory `/home/ebony/vizia/vizia_doom_src/CMakeFiles/CMakeTmp'


    Feature record: C_FEATURE:1c_function_prototypes
    Feature record: C_FEATURE:1c_restrict
    Feature record: C_FEATURE:0c_static_assert
    Feature record: C_FEATURE:1c_variadic_macros


Detecting C [-std=c90] compiler features compiled with the following output:
Change Dir: /home/ebony/vizia/vizia_doom_src/CMakeFiles/CMakeTmp

Run Build Command:"/usr/bin/make" "cmTC_d8147/fast"
/usr/bin/make -f CMakeFiles/cmTC_d8147.dir/build.make CMakeFiles/cmTC_d8147.dir/build
make[1]: Entering directory `/home/ebony/vizia/vizia_doom_src/CMakeFiles/CMakeTmp'
Building C object CMakeFiles/cmTC_d8147.dir/feature_tests.c.o
/usr/bin/cc    -std=c90 -o CMakeFiles/cmTC_d8147.dir/feature_tests.c.o   -c /home/ebony/vizia/vizia_doom_src/CMakeFiles/feature_tests.c
Linking C executable cmTC_d8147
/usr/local/bin/cmake -E cmake_link_script CMakeFiles/cmTC_d8147.dir/link.txt --verbose=1
/usr/bin/cc       CMakeFiles/cmTC_d8147.dir/feature_tests.c.o  -o cmTC_d8147 -rdynamic 
make[1]: Leaving directory `/home/ebony/vizia/vizia_doom_src/CMakeFiles/CMakeTmp'


    Feature record: C_FEATURE:1c_function_prototypes
    Feature record: C_FEATURE:0c_restrict
    Feature record: C_FEATURE:0c_static_assert
    Feature record: C_FEATURE:0c_variadic_macros
Determining if the CXX compiler works passed with the following output:
Change Dir: /home/ebony/vizia/vizia_doom_src/CMakeFiles/CMakeTmp

Run Build Command:"/usr/bin/make" "cmTC_02a4c/fast"
/usr/bin/make -f CMakeFiles/cmTC_02a4c.dir/build.make CMakeFiles/cmTC_02a4c.dir/build
make[1]: Entering directory `/home/ebony/vizia/vizia_doom_src/CMakeFiles/CMakeTmp'
Building CXX object CMakeFiles/cmTC_02a4c.dir/testCXXCompiler.cxx.o
/usr/bin/c++      -o CMakeFiles/cmTC_02a4c.dir/testCXXCompiler.cxx.o -c /home/ebony/vizia/vizia_doom_src/CMakeFiles/CMakeTmp/testCXXCompiler.cxx
Linking CXX executable cmTC_02a4c
/usr/local/bin/cmake -E cmake_link_script CMakeFiles/cmTC_02a4c.dir/link.txt --verbose=1
/usr/bin/c++        CMakeFiles/cmTC_02a4c.dir/testCXXCompiler.cxx.o  -o cmTC_02a4c -rdynamic 
make[1]: Leaving directory `/home/ebony/vizia/vizia_doom_src/CMakeFiles/CMakeTmp'


Detecting CXX compiler ABI info compiled with the following output:
Change Dir: /home/ebony/vizia/vizia_doom_src/CMakeFiles/CMakeTmp

Run Build Command:"/usr/bin/make" "cmTC_f9eed/fast"
/usr/bin/make -f CMakeFiles/cmTC_f9eed.dir/build.make CMakeFiles/cmTC_f9eed.dir/build
make[1]: Entering directory `/home/ebony/vizia/vizia_doom_src/CMakeFiles/CMakeTmp'
Building CXX object CMakeFiles/cmTC_f9eed.dir/CMakeCXXCompilerABI.cpp.o
/usr/bin/c++      -o CMakeFiles/cmTC_f9eed.dir/CMakeCXXCompilerABI.cpp.o -c /usr/local/share/cmake-3.4/Modules/CMakeCXXCompilerABI.cpp
Linking CXX executable cmTC_f9eed
/usr/local/bin/cmake -E cmake_link_script CMakeFiles/cmTC_f9eed.dir/link.txt --verbose=1
/usr/bin/c++       -v CMakeFiles/cmTC_f9eed.dir/CMakeCXXCompilerABI.cpp.o  -o cmTC_f9eed -rdynamic  
Using built-in specs.
COLLECT_GCC=/usr/bin/c++
COLLECT_LTO_WRAPPER=/usr/lib/gcc/x86_64-linux-gnu/4.8/lto-wrapper
Target: x86_64-linux-gnu
Configured with: ../src/configure -v --with-pkgversion='Ubuntu 4.8.4-2ubuntu1~14.04' --with-bugurl=file:///usr/share/doc/gcc-4.8/README.Bugs --enable-languages=c,c++,java,go,d,fortran,objc,obj-c++ --prefix=/usr --program-suffix=-4.8 --enable-shared --enable-linker-build-id --libexecdir=/usr/lib --without-included-gettext --enable-threads=posix --with-gxx-include-dir=/usr/include/c++/4.8 --libdir=/usr/lib --enable-nls --with-sysroot=/ --enable-clocale=gnu --enable-libstdcxx-debug --enable-libstdcxx-time=yes --enable-gnu-unique-object --disable-libmudflap --enable-plugin --with-system-zlib --disable-browser-plugin --enable-java-awt=gtk --enable-gtk-cairo --with-java-home=/usr/lib/jvm/java-1.5.0-gcj-4.8-amd64/jre --enable-java-home --with-jvm-root-dir=/usr/lib/jvm/java-1.5.0-gcj-4.8-amd64 --with-jvm-jar-dir=/usr/lib/jvm-exports/java-1.5.0-gcj-4.8-amd64 --with-arch-directory=amd64 --with-ecj-jar=/usr/share/java/eclipse-ecj.jar --enable-objc-gc --enable-multiarch --disable-werror --with-arch-32=i686 --with-abi=m64 --with-multilib-list=m32,m64,mx32 --with-tune=generic --enable-checking=release --build=x86_64-linux-gnu --host=x86_64-linux-gnu --target=x86_64-linux-gnu
Thread model: posix
gcc version 4.8.4 (Ubuntu 4.8.4-2ubuntu1~14.04) 
COMPILER_PATH=/usr/lib/gcc/x86_64-linux-gnu/4.8/:/usr/lib/gcc/x86_64-linux-gnu/4.8/:/usr/lib/gcc/x86_64-linux-gnu/:/usr/lib/gcc/x86_64-linux-gnu/4.8/:/usr/lib/gcc/x86_64-linux-gnu/
LIBRARY_PATH=/usr/lib/gcc/x86_64-linux-gnu/4.8/:/usr/lib/gcc/x86_64-linux-gnu/4.8/../../../x86_64-linux-gnu/:/usr/lib/gcc/x86_64-linux-gnu/4.8/../../../../lib/:/lib/x86_64-linux-gnu/:/lib/../lib/:/usr/lib/x86_64-linux-gnu/:/usr/lib/../lib/:/usr/lib/gcc/x86_64-linux-gnu/4.8/../../../:/lib/:/usr/lib/
COLLECT_GCC_OPTIONS='-v' '-o' 'cmTC_f9eed' '-rdynamic' '-shared-libgcc' '-mtune=generic' '-march=x86-64'
 /usr/lib/gcc/x86_64-linux-gnu/4.8/collect2 --sysroot=/ --build-id --eh-frame-hdr -m elf_x86_64 --hash-style=gnu --as-needed -export-dynamic -dynamic-linker /lib64/ld-linux-x86-64.so.2 -z relro -o cmTC_f9eed /usr/lib/gcc/x86_64-linux-gnu/4.8/../../../x86_64-linux-gnu/crt1.o /usr/lib/gcc/x86_64-linux-gnu/4.8/../../../x86_64-linux-gnu/crti.o /usr/lib/gcc/x86_64-linux-gnu/4.8/crtbegin.o -L/usr/lib/gcc/x86_64-linux-gnu/4.8 -L/usr/lib/gcc/x86_64-linux-gnu/4.8/../../../x86_64-linux-gnu -L/usr/lib/gcc/x86_64-linux-gnu/4.8/../../../../lib -L/lib/x86_64-linux-gnu -L/lib/../lib -L/usr/lib/x86_64-linux-gnu -L/usr/lib/../lib -L/usr/lib/gcc/x86_64-linux-gnu/4.8/../../.. CMakeFiles/cmTC_f9eed.dir/CMakeCXXCompilerABI.cpp.o -lstdc++ -lm -lgcc_s -lgcc -lc -lgcc_s -lgcc /usr/lib/gcc/x86_64-linux-gnu/4.8/crtend.o /usr/lib/gcc/x86_64-linux-gnu/4.8/../../../x86_64-linux-gnu/crtn.o
make[1]: Leaving directory `/home/ebony/vizia/vizia_doom_src/CMakeFiles/CMakeTmp'


Parsed CXX implicit link information from above output:
  link line regex: [^( *|.*[/\])(ld|([^/\]+-)?ld|collect2)[^/\]*( |$)]
  ignore line: [Change Dir: /home/ebony/vizia/vizia_doom_src/CMakeFiles/CMakeTmp]
  ignore line: []
  ignore line: [Run Build Command:"/usr/bin/make" "cmTC_f9eed/fast"]
  ignore line: [/usr/bin/make -f CMakeFiles/cmTC_f9eed.dir/build.make CMakeFiles/cmTC_f9eed.dir/build]
  ignore line: [make[1]: Entering directory `/home/ebony/vizia/vizia_doom_src/CMakeFiles/CMakeTmp']
  ignore line: [Building CXX object CMakeFiles/cmTC_f9eed.dir/CMakeCXXCompilerABI.cpp.o]
  ignore line: [/usr/bin/c++      -o CMakeFiles/cmTC_f9eed.dir/CMakeCXXCompilerABI.cpp.o -c /usr/local/share/cmake-3.4/Modules/CMakeCXXCompilerABI.cpp]
  ignore line: [Linking CXX executable cmTC_f9eed]
  ignore line: [/usr/local/bin/cmake -E cmake_link_script CMakeFiles/cmTC_f9eed.dir/link.txt --verbose=1]
  ignore line: [/usr/bin/c++       -v CMakeFiles/cmTC_f9eed.dir/CMakeCXXCompilerABI.cpp.o  -o cmTC_f9eed -rdynamic  ]
  ignore line: [Using built-in specs.]
  ignore line: [COLLECT_GCC=/usr/bin/c++]
  ignore line: [COLLECT_LTO_WRAPPER=/usr/lib/gcc/x86_64-linux-gnu/4.8/lto-wrapper]
  ignore line: [Target: x86_64-linux-gnu]
  ignore line: [Configured with: ../src/configure -v --with-pkgversion='Ubuntu 4.8.4-2ubuntu1~14.04' --with-bugurl=file:///usr/share/doc/gcc-4.8/README.Bugs --enable-languages=c,c++,java,go,d,fortran,objc,obj-c++ --prefix=/usr --program-suffix=-4.8 --enable-shared --enable-linker-build-id --libexecdir=/usr/lib --without-included-gettext --enable-threads=posix --with-gxx-include-dir=/usr/include/c++/4.8 --libdir=/usr/lib --enable-nls --with-sysroot=/ --enable-clocale=gnu --enable-libstdcxx-debug --enable-libstdcxx-time=yes --enable-gnu-unique-object --disable-libmudflap --enable-plugin --with-system-zlib --disable-browser-plugin --enable-java-awt=gtk --enable-gtk-cairo --with-java-home=/usr/lib/jvm/java-1.5.0-gcj-4.8-amd64/jre --enable-java-home --with-jvm-root-dir=/usr/lib/jvm/java-1.5.0-gcj-4.8-amd64 --with-jvm-jar-dir=/usr/lib/jvm-exports/java-1.5.0-gcj-4.8-amd64 --with-arch-directory=amd64 --with-ecj-jar=/usr/share/java/eclipse-ecj.jar --enable-objc-gc --enable-multiarch --disable-werror --with-arch-32=i686 --with-abi=m64 --with-multilib-list=m32,m64,mx32 --with-tune=generic --enable-checking=release --build=x86_64-linux-gnu --host=x86_64-linux-gnu --target=x86_64-linux-gnu]
  ignore line: [Thread model: posix]
  ignore line: [gcc version 4.8.4 (Ubuntu 4.8.4-2ubuntu1~14.04) ]
  ignore line: [COMPILER_PATH=/usr/lib/gcc/x86_64-linux-gnu/4.8/:/usr/lib/gcc/x86_64-linux-gnu/4.8/:/usr/lib/gcc/x86_64-linux-gnu/:/usr/lib/gcc/x86_64-linux-gnu/4.8/:/usr/lib/gcc/x86_64-linux-gnu/]
  ignore line: [LIBRARY_PATH=/usr/lib/gcc/x86_64-linux-gnu/4.8/:/usr/lib/gcc/x86_64-linux-gnu/4.8/../../../x86_64-linux-gnu/:/usr/lib/gcc/x86_64-linux-gnu/4.8/../../../../lib/:/lib/x86_64-linux-gnu/:/lib/../lib/:/usr/lib/x86_64-linux-gnu/:/usr/lib/../lib/:/usr/lib/gcc/x86_64-linux-gnu/4.8/../../../:/lib/:/usr/lib/]
  ignore line: [COLLECT_GCC_OPTIONS='-v' '-o' 'cmTC_f9eed' '-rdynamic' '-shared-libgcc' '-mtune=generic' '-march=x86-64']
  link line: [ /usr/lib/gcc/x86_64-linux-gnu/4.8/collect2 --sysroot=/ --build-id --eh-frame-hdr -m elf_x86_64 --hash-style=gnu --as-needed -export-dynamic -dynamic-linker /lib64/ld-linux-x86-64.so.2 -z relro -o cmTC_f9eed /usr/lib/gcc/x86_64-linux-gnu/4.8/../../../x86_64-linux-gnu/crt1.o /usr/lib/gcc/x86_64-linux-gnu/4.8/../../../x86_64-linux-gnu/crti.o /usr/lib/gcc/x86_64-linux-gnu/4.8/crtbegin.o -L/usr/lib/gcc/x86_64-linux-gnu/4.8 -L/usr/lib/gcc/x86_64-linux-gnu/4.8/../../../x86_64-linux-gnu -L/usr/lib/gcc/x86_64-linux-gnu/4.8/../../../../lib -L/lib/x86_64-linux-gnu -L/lib/../lib -L/usr/lib/x86_64-linux-gnu -L/usr/lib/../lib -L/usr/lib/gcc/x86_64-linux-gnu/4.8/../../.. CMakeFiles/cmTC_f9eed.dir/CMakeCXXCompilerABI.cpp.o -lstdc++ -lm -lgcc_s -lgcc -lc -lgcc_s -lgcc /usr/lib/gcc/x86_64-linux-gnu/4.8/crtend.o /usr/lib/gcc/x86_64-linux-gnu/4.8/../../../x86_64-linux-gnu/crtn.o]
    arg [/usr/lib/gcc/x86_64-linux-gnu/4.8/collect2] ==> ignore
    arg [--sysroot=/] ==> ignore
    arg [--build-id] ==> ignore
    arg [--eh-frame-hdr] ==> ignore
    arg [-m] ==> ignore
    arg [elf_x86_64] ==> ignore
    arg [--hash-style=gnu] ==> ignore
    arg [--as-needed] ==> ignore
    arg [-export-dynamic] ==> ignore
    arg [-dynamic-linker] ==> ignore
    arg [/lib64/ld-linux-x86-64.so.2] ==> ignore
    arg [-zrelro] ==> ignore
    arg [-o] ==> ignore
    arg [cmTC_f9eed] ==> ignore
    arg [/usr/lib/gcc/x86_64-linux-gnu/4.8/../../../x86_64-linux-gnu/crt1.o] ==> ignore
    arg [/usr/lib/gcc/x86_64-linux-gnu/4.8/../../../x86_64-linux-gnu/crti.o] ==> ignore
    arg [/usr/lib/gcc/x86_64-linux-gnu/4.8/crtbegin.o] ==> ignore
    arg [-L/usr/lib/gcc/x86_64-linux-gnu/4.8] ==> dir [/usr/lib/gcc/x86_64-linux-gnu/4.8]
    arg [-L/usr/lib/gcc/x86_64-linux-gnu/4.8/../../../x86_64-linux-gnu] ==> dir [/usr/lib/gcc/x86_64-linux-gnu/4.8/../../../x86_64-linux-gnu]
    arg [-L/usr/lib/gcc/x86_64-linux-gnu/4.8/../../../../lib] ==> dir [/usr/lib/gcc/x86_64-linux-gnu/4.8/../../../../lib]
    arg [-L/lib/x86_64-linux-gnu] ==> dir [/lib/x86_64-linux-gnu]
    arg [-L/lib/../lib] ==> dir [/lib/../lib]
    arg [-L/usr/lib/x86_64-linux-gnu] ==> dir [/usr/lib/x86_64-linux-gnu]
    arg [-L/usr/lib/../lib] ==> dir [/usr/lib/../lib]
    arg [-L/usr/lib/gcc/x86_64-linux-gnu/4.8/../../..] ==> dir [/usr/lib/gcc/x86_64-linux-gnu/4.8/../../..]
    arg [CMakeFiles/cmTC_f9eed.dir/CMakeCXXCompilerABI.cpp.o] ==> ignore
    arg [-lstdc++] ==> lib [stdc++]
    arg [-lm] ==> lib [m]
    arg [-lgcc_s] ==> lib [gcc_s]
    arg [-lgcc] ==> lib [gcc]
    arg [-lc] ==> lib [c]
    arg [-lgcc_s] ==> lib [gcc_s]
    arg [-lgcc] ==> lib [gcc]
    arg [/usr/lib/gcc/x86_64-linux-gnu/4.8/crtend.o] ==> ignore
    arg [/usr/lib/gcc/x86_64-linux-gnu/4.8/../../../x86_64-linux-gnu/crtn.o] ==> ignore
  remove lib [gcc_s]
  remove lib [gcc]
  remove lib [gcc_s]
  remove lib [gcc]
  collapse library dir [/usr/lib/gcc/x86_64-linux-gnu/4.8] ==> [/usr/lib/gcc/x86_64-linux-gnu/4.8]
  collapse library dir [/usr/lib/gcc/x86_64-linux-gnu/4.8/../../../x86_64-linux-gnu] ==> [/usr/lib/x86_64-linux-gnu]
  collapse library dir [/usr/lib/gcc/x86_64-linux-gnu/4.8/../../../../lib] ==> [/usr/lib]
  collapse library dir [/lib/x86_64-linux-gnu] ==> [/lib/x86_64-linux-gnu]
  collapse library dir [/lib/../lib] ==> [/lib]
  collapse library dir [/usr/lib/x86_64-linux-gnu] ==> [/usr/lib/x86_64-linux-gnu]
  collapse library dir [/usr/lib/../lib] ==> [/usr/lib]
  collapse library dir [/usr/lib/gcc/x86_64-linux-gnu/4.8/../../..] ==> [/usr/lib]
  implicit libs: [stdc++;m;c]
  implicit dirs: [/usr/lib/gcc/x86_64-linux-gnu/4.8;/usr/lib/x86_64-linux-gnu;/usr/lib;/lib/x86_64-linux-gnu;/lib]
  implicit fwks: []




Detecting CXX [-std=c++1y] compiler features compiled with the following output:
Change Dir: /home/ebony/vizia/vizia_doom_src/CMakeFiles/CMakeTmp

Run Build Command:"/usr/bin/make" "cmTC_f2374/fast"
/usr/bin/make -f CMakeFiles/cmTC_f2374.dir/build.make CMakeFiles/cmTC_f2374.dir/build
make[1]: Entering directory `/home/ebony/vizia/vizia_doom_src/CMakeFiles/CMakeTmp'
Building CXX object CMakeFiles/cmTC_f2374.dir/feature_tests.cxx.o
/usr/bin/c++     -std=c++1y -o CMakeFiles/cmTC_f2374.dir/feature_tests.cxx.o -c /home/ebony/vizia/vizia_doom_src/CMakeFiles/feature_tests.cxx
Linking CXX executable cmTC_f2374
/usr/local/bin/cmake -E cmake_link_script CMakeFiles/cmTC_f2374.dir/link.txt --verbose=1
/usr/bin/c++        CMakeFiles/cmTC_f2374.dir/feature_tests.cxx.o  -o cmTC_f2374 -rdynamic 
make[1]: Leaving directory `/home/ebony/vizia/vizia_doom_src/CMakeFiles/CMakeTmp'


    Feature record: CXX_FEATURE:0cxx_aggregate_default_initializers
    Feature record: CXX_FEATURE:1cxx_alias_templates
    Feature record: CXX_FEATURE:1cxx_alignas
    Feature record: CXX_FEATURE:1cxx_alignof
    Feature record: CXX_FEATURE:1cxx_attributes
    Feature record: CXX_FEATURE:0cxx_attribute_deprecated
    Feature record: CXX_FEATURE:1cxx_auto_type
    Feature record: CXX_FEATURE:0cxx_binary_literals
    Feature record: CXX_FEATURE:1cxx_constexpr
    Feature record: CXX_FEATURE:0cxx_contextual_conversions
    Feature record: CXX_FEATURE:1cxx_decltype
    Feature record: CXX_FEATURE:0cxx_decltype_auto
    Feature record: CXX_FEATURE:1cxx_decltype_incomplete_return_types
    Feature record: CXX_FEATURE:1cxx_default_function_template_args
    Feature record: CXX_FEATURE:1cxx_defaulted_functions
    Feature record: CXX_FEATURE:1cxx_defaulted_move_initializers
    Feature record: CXX_FEATURE:1cxx_delegating_constructors
    Feature record: CXX_FEATURE:1cxx_deleted_functions
    Feature record: CXX_FEATURE:0cxx_digit_separators
    Feature record: CXX_FEATURE:1cxx_enum_forward_declarations
    Feature record: CXX_FEATURE:1cxx_explicit_conversions
    Feature record: CXX_FEATURE:1cxx_extended_friend_declarations
    Feature record: CXX_FEATURE:1cxx_extern_templates
    Feature record: CXX_FEATURE:1cxx_final
    Feature record: CXX_FEATURE:1cxx_func_identifier
    Feature record: CXX_FEATURE:1cxx_generalized_initializers
    Feature record: CXX_FEATURE:0cxx_generic_lambdas
    Feature record: CXX_FEATURE:1cxx_inheriting_constructors
    Feature record: CXX_FEATURE:1cxx_inline_namespaces
    Feature record: CXX_FEATURE:1cxx_lambdas
    Feature record: CXX_FEATURE:0cxx_lambda_init_captures
    Feature record: CXX_FEATURE:1cxx_local_type_template_args
    Feature record: CXX_FEATURE:1cxx_long_long_type
    Feature record: CXX_FEATURE:1cxx_noexcept
    Feature record: CXX_FEATURE:1cxx_nonstatic_member_init
    Feature record: CXX_FEATURE:1cxx_nullptr
    Feature record: CXX_FEATURE:1cxx_override
    Feature record: CXX_FEATURE:1cxx_range_for
    Feature record: CXX_FEATURE:1cxx_raw_string_literals
    Feature record: CXX_FEATURE:1cxx_reference_qualified_functions
    Feature record: CXX_FEATURE:0cxx_relaxed_constexpr
    Feature record: CXX_FEATURE:0cxx_return_type_deduction
    Feature record: CXX_FEATURE:1cxx_right_angle_brackets
    Feature record: CXX_FEATURE:1cxx_rvalue_references
    Feature record: CXX_FEATURE:1cxx_sizeof_member
    Feature record: CXX_FEATURE:1cxx_static_assert
    Feature record: CXX_FEATURE:1cxx_strong_enums
    Feature record: CXX_FEATURE:1cxx_template_template_parameters
    Feature record: CXX_FEATURE:1cxx_thread_local
    Feature record: CXX_FEATURE:1cxx_trailing_return_types
    Feature record: CXX_FEATURE:1cxx_unicode_literals
    Feature record: CXX_FEATURE:1cxx_uniform_initialization
    Feature record: CXX_FEATURE:1cxx_unrestricted_unions
    Feature record: CXX_FEATURE:1cxx_user_literals
    Feature record: CXX_FEATURE:0cxx_variable_templates
    Feature record: CXX_FEATURE:1cxx_variadic_macros
    Feature record: CXX_FEATURE:1cxx_variadic_templates


Detecting CXX [-std=c++11] compiler features compiled with the following output:
Change Dir: /home/ebony/vizia/vizia_doom_src/CMakeFiles/CMakeTmp

Run Build Command:"/usr/bin/make" "cmTC_22623/fast"
/usr/bin/make -f CMakeFiles/cmTC_22623.dir/build.make CMakeFiles/cmTC_22623.dir/build
make[1]: Entering directory `/home/ebony/vizia/vizia_doom_src/CMakeFiles/CMakeTmp'
Building CXX object CMakeFiles/cmTC_22623.dir/feature_tests.cxx.o
/usr/bin/c++     -std=c++11 -o CMakeFiles/cmTC_22623.dir/feature_tests.cxx.o -c /home/ebony/vizia/vizia_doom_src/CMakeFiles/feature_tests.cxx
Linking CXX executable cmTC_22623
/usr/local/bin/cmake -E cmake_link_script CMakeFiles/cmTC_22623.dir/link.txt --verbose=1
/usr/bin/c++        CMakeFiles/cmTC_22623.dir/feature_tests.cxx.o  -o cmTC_22623 -rdynamic 
make[1]: Leaving directory `/home/ebony/vizia/vizia_doom_src/CMakeFiles/CMakeTmp'


    Feature record: CXX_FEATURE:0cxx_aggregate_default_initializers
    Feature record: CXX_FEATURE:1cxx_alias_templates
    Feature record: CXX_FEATURE:1cxx_alignas
    Feature record: CXX_FEATURE:1cxx_alignof
    Feature record: CXX_FEATURE:1cxx_attributes
    Feature record: CXX_FEATURE:0cxx_attribute_deprecated
    Feature record: CXX_FEATURE:1cxx_auto_type
    Feature record: CXX_FEATURE:0cxx_binary_literals
    Feature record: CXX_FEATURE:1cxx_constexpr
    Feature record: CXX_FEATURE:0cxx_contextual_conversions
    Feature record: CXX_FEATURE:1cxx_decltype
    Feature record: CXX_FEATURE:0cxx_decltype_auto
    Feature record: CXX_FEATURE:1cxx_decltype_incomplete_return_types
    Feature record: CXX_FEATURE:1cxx_default_function_template_args
    Feature record: CXX_FEATURE:1cxx_defaulted_functions
    Feature record: CXX_FEATURE:1cxx_defaulted_move_initializers
    Feature record: CXX_FEATURE:1cxx_delegating_constructors
    Feature record: CXX_FEATURE:1cxx_deleted_functions
    Feature record: CXX_FEATURE:0cxx_digit_separators
    Feature record: CXX_FEATURE:1cxx_enum_forward_declarations
    Feature record: CXX_FEATURE:1cxx_explicit_conversions
    Feature record: CXX_FEATURE:1cxx_extended_friend_declarations
    Feature record: CXX_FEATURE:1cxx_extern_templates
    Feature record: CXX_FEATURE:1cxx_final
    Feature record: CXX_FEATURE:1cxx_func_identifier
    Feature record: CXX_FEATURE:1cxx_generalized_initializers
    Feature record: CXX_FEATURE:0cxx_generic_lambdas
    Feature record: CXX_FEATURE:1cxx_inheriting_constructors
    Feature record: CXX_FEATURE:1cxx_inline_namespaces
    Feature record: CXX_FEATURE:1cxx_lambdas
    Feature record: CXX_FEATURE:0cxx_lambda_init_captures
    Feature record: CXX_FEATURE:1cxx_local_type_template_args
    Feature record: CXX_FEATURE:1cxx_long_long_type
    Feature record: CXX_FEATURE:1cxx_noexcept
    Feature record: CXX_FEATURE:1cxx_nonstatic_member_init
    Feature record: CXX_FEATURE:1cxx_nullptr
    Feature record: CXX_FEATURE:1cxx_override
    Feature record: CXX_FEATURE:1cxx_range_for
    Feature record: CXX_FEATURE:1cxx_raw_string_literals
    Feature record: CXX_FEATURE:1cxx_reference_qualified_functions
    Feature record: CXX_FEATURE:0cxx_relaxed_constexpr
    Feature record: CXX_FEATURE:0cxx_return_type_deduction
    Feature record: CXX_FEATURE:1cxx_right_angle_brackets
    Feature record: CXX_FEATURE:1cxx_rvalue_references
    Feature record: CXX_FEATURE:1cxx_sizeof_member
    Feature record: CXX_FEATURE:1cxx_static_assert
    Feature record: CXX_FEATURE:1cxx_strong_enums
    Feature record: CXX_FEATURE:1cxx_template_template_parameters
    Feature record: CXX_FEATURE:1cxx_thread_local
    Feature record: CXX_FEATURE:1cxx_trailing_return_types
    Feature record: CXX_FEATURE:1cxx_unicode_literals
    Feature record: CXX_FEATURE:1cxx_uniform_initialization
    Feature record: CXX_FEATURE:1cxx_unrestricted_unions
    Feature record: CXX_FEATURE:1cxx_user_literals
    Feature record: CXX_FEATURE:0cxx_variable_templates
    Feature record: CXX_FEATURE:1cxx_variadic_macros
    Feature record: CXX_FEATURE:1cxx_variadic_templates


Detecting CXX [-std=c++98] compiler features compiled with the following output:
Change Dir: /home/ebony/vizia/vizia_doom_src/CMakeFiles/CMakeTmp

Run Build Command:"/usr/bin/make" "cmTC_d2ba9/fast"
/usr/bin/make -f CMakeFiles/cmTC_d2ba9.dir/build.make CMakeFiles/cmTC_d2ba9.dir/build
make[1]: Entering directory `/home/ebony/vizia/vizia_doom_src/CMakeFiles/CMakeTmp'
Building CXX object CMakeFiles/cmTC_d2ba9.dir/feature_tests.cxx.o
/usr/bin/c++     -std=c++98 -o CMakeFiles/cmTC_d2ba9.dir/feature_tests.cxx.o -c /home/ebony/vizia/vizia_doom_src/CMakeFiles/feature_tests.cxx
Linking CXX executable cmTC_d2ba9
/usr/local/bin/cmake -E cmake_link_script CMakeFiles/cmTC_d2ba9.dir/link.txt --verbose=1
/usr/bin/c++        CMakeFiles/cmTC_d2ba9.dir/feature_tests.cxx.o  -o cmTC_d2ba9 -rdynamic 
make[1]: Leaving directory `/home/ebony/vizia/vizia_doom_src/CMakeFiles/CMakeTmp'


    Feature record: CXX_FEATURE:0cxx_aggregate_default_initializers
    Feature record: CXX_FEATURE:0cxx_alias_templates
    Feature record: CXX_FEATURE:0cxx_alignas
    Feature record: CXX_FEATURE:0cxx_alignof
    Feature record: CXX_FEATURE:0cxx_attributes
    Feature record: CXX_FEATURE:0cxx_attribute_deprecated
    Feature record: CXX_FEATURE:0cxx_auto_type
    Feature record: CXX_FEATURE:0cxx_binary_literals
    Feature record: CXX_FEATURE:0cxx_constexpr
    Feature record: CXX_FEATURE:0cxx_contextual_conversions
    Feature record: CXX_FEATURE:0cxx_decltype
    Feature record: CXX_FEATURE:0cxx_decltype_auto
    Feature record: CXX_FEATURE:0cxx_decltype_incomplete_return_types
    Feature record: CXX_FEATURE:0cxx_default_function_template_args
    Feature record: CXX_FEATURE:0cxx_defaulted_functions
    Feature record: CXX_FEATURE:0cxx_defaulted_move_initializers
    Feature record: CXX_FEATURE:0cxx_delegating_constructors
    Feature record: CXX_FEATURE:0cxx_deleted_functions
    Feature record: CXX_FEATURE:0cxx_digit_separators
    Feature record: CXX_FEATURE:0cxx_enum_forward_declarations
    Feature record: CXX_FEATURE:0cxx_explicit_conversions
    Feature record: CXX_FEATURE:0cxx_extended_friend_declarations
    Feature record: CXX_FEATURE:0cxx_extern_templates
    Feature record: CXX_FEATURE:0cxx_final
    Feature record: CXX_FEATURE:0cxx_func_identifier
    Feature record: CXX_FEATURE:0cxx_generalized_initializers
    Feature record: CXX_FEATURE:0cxx_generic_lambdas
    Feature record: CXX_FEATURE:0cxx_inheriting_constructors
    Feature record: CXX_FEATURE:0cxx_inline_namespaces
    Feature record: CXX_FEATURE:0cxx_lambdas
    Feature record: CXX_FEATURE:0cxx_lambda_init_captures
    Feature record: CXX_FEATURE:0cxx_local_type_template_args
    Feature record: CXX_FEATURE:0cxx_long_long_type
    Feature record: CXX_FEATURE:0cxx_noexcept
    Feature record: CXX_FEATURE:0cxx_nonstatic_member_init
    Feature record: CXX_FEATURE:0cxx_nullptr
    Feature record: CXX_FEATURE:0cxx_override
    Feature record: CXX_FEATURE:0cxx_range_for
    Feature record: CXX_FEATURE:0cxx_raw_string_literals
    Feature record: CXX_FEATURE:0cxx_reference_qualified_functions
    Feature record: CXX_FEATURE:0cxx_relaxed_constexpr
    Feature record: CXX_FEATURE:0cxx_return_type_deduction
    Feature record: CXX_FEATURE:0cxx_right_angle_brackets
    Feature record: CXX_FEATURE:0cxx_rvalue_references
    Feature record: CXX_FEATURE:0cxx_sizeof_member
    Feature record: CXX_FEATURE:0cxx_static_assert
    Feature record: CXX_FEATURE:0cxx_strong_enums
    Feature record: CXX_FEATURE:1cxx_template_template_parameters
    Feature record: CXX_FEATURE:0cxx_thread_local
    Feature record: CXX_FEATURE:0cxx_trailing_return_types
    Feature record: CXX_FEATURE:0cxx_unicode_literals
    Feature record: CXX_FEATURE:0cxx_uniform_initialization
    Feature record: CXX_FEATURE:0cxx_unrestricted_unions
    Feature record: CXX_FEATURE:0cxx_user_literals
    Feature record: CXX_FEATURE:0cxx_variable_templates
    Feature record: CXX_FEATURE:0cxx_variadic_macros
    Feature record: CXX_FEATURE:0cxx_variadic_templates
Determining if the BZ2_bzCompressInit exist passed with the following output:
Change Dir: /home/ebony/vizia/vizia_doom_src/CMakeFiles/CMakeTmp

Run Build Command:"/usr/bin/make" "cmTC_31ae5/fast"
/usr/bin/make -f CMakeFiles/cmTC_31ae5.dir/build.make CMakeFiles/cmTC_31ae5.dir/build
make[1]: Entering directory `/home/ebony/vizia/vizia_doom_src/CMakeFiles/CMakeTmp'
Building C object CMakeFiles/cmTC_31ae5.dir/CheckSymbolExists.c.o
/usr/bin/cc     -o CMakeFiles/cmTC_31ae5.dir/CheckSymbolExists.c.o   -c /home/ebony/vizia/vizia_doom_src/CMakeFiles/CMakeTmp/CheckSymbolExists.c
Linking C executable cmTC_31ae5
/usr/local/bin/cmake -E cmake_link_script CMakeFiles/cmTC_31ae5.dir/link.txt --verbose=1
/usr/bin/cc       CMakeFiles/cmTC_31ae5.dir/CheckSymbolExists.c.o  -o cmTC_31ae5 -rdynamic /usr/lib/x86_64-linux-gnu/libbz2.so 
make[1]: Leaving directory `/home/ebony/vizia/vizia_doom_src/CMakeFiles/CMakeTmp'

File /home/ebony/vizia/vizia_doom_src/CMakeFiles/CMakeTmp/CheckSymbolExists.c:
/* */
#include <bzlib.h>

int main(int argc, char** argv)
{
  (void)argv;
#ifndef BZ2_bzCompressInit
  return ((int*)(&BZ2_bzCompressInit))[argc];
#else
  (void)argc;
  return 0;
#endif
}

Performing C++ SOURCE FILE Test HAVE_NO_ARRAY_BOUNDS succeded with the following output:
Change Dir: /home/ebony/vizia/vizia_doom_src/CMakeFiles/CMakeTmp

Run Build Command:"/usr/bin/make" "cmTC_55af4/fast"
/usr/bin/make -f CMakeFiles/cmTC_55af4.dir/build.make CMakeFiles/cmTC_55af4.dir/build
make[1]: Entering directory `/home/ebony/vizia/vizia_doom_src/CMakeFiles/CMakeTmp'
Building CXX object CMakeFiles/cmTC_55af4.dir/src.cxx.o
/usr/bin/c++     -Wall -Wextra -fomit-frame-pointer -DHAVE_NO_ARRAY_BOUNDS   -Wno-array-bounds -o CMakeFiles/cmTC_55af4.dir/src.cxx.o -c /home/ebony/vizia/vizia_doom_src/CMakeFiles/CMakeTmp/src.cxx
Linking CXX executable cmTC_55af4
/usr/local/bin/cmake -E cmake_link_script CMakeFiles/cmTC_55af4.dir/link.txt --verbose=1
/usr/bin/c++     -Wall -Wextra -fomit-frame-pointer -DHAVE_NO_ARRAY_BOUNDS    CMakeFiles/cmTC_55af4.dir/src.cxx.o  -o cmTC_55af4 -rdynamic 
make[1]: Leaving directory `/home/ebony/vizia/vizia_doom_src/CMakeFiles/CMakeTmp'

Source file was:
int main() { return 0; }
Performing C++ SOURCE FILE Test __LIBGME_TEST_VISIBILITY succeded with the following output:
Change Dir: /home/ebony/vizia/vizia_doom_src/CMakeFiles/CMakeTmp

Run Build Command:"/usr/bin/make" "cmTC_f3632/fast"
/usr/bin/make -f CMakeFiles/cmTC_f3632.dir/build.make CMakeFiles/cmTC_f3632.dir/build
make[1]: Entering directory `/home/ebony/vizia/vizia_doom_src/CMakeFiles/CMakeTmp'
Building CXX object CMakeFiles/cmTC_f3632.dir/src.cxx.o
/usr/bin/c++     -Wall -Wextra -fomit-frame-pointer -Wno-array-bounds -D__LIBGME_TEST_VISIBILITY   -fvisibility=hidden -o CMakeFiles/cmTC_f3632.dir/src.cxx.o -c /home/ebony/vizia/vizia_doom_src/CMakeFiles/CMakeTmp/src.cxx
Linking CXX executable cmTC_f3632
/usr/local/bin/cmake -E cmake_link_script CMakeFiles/cmTC_f3632.dir/link.txt --verbose=1
/usr/bin/c++     -Wall -Wextra -fomit-frame-pointer -Wno-array-bounds -D__LIBGME_TEST_VISIBILITY    CMakeFiles/cmTC_f3632.dir/src.cxx.o  -o cmTC_f3632 -rdynamic 
make[1]: Leaving directory `/home/ebony/vizia/vizia_doom_src/CMakeFiles/CMakeTmp'

Source file was:
int main() { return 0; }
Determining if the function strdup exists passed with the following output:
Change Dir: /home/ebony/vizia/vizia_doom_src/CMakeFiles/CMakeTmp

Run Build Command:"/usr/bin/make" "cmTC_9a5ed/fast"
/usr/bin/make -f CMakeFiles/cmTC_9a5ed.dir/build.make CMakeFiles/cmTC_9a5ed.dir/build
make[1]: Entering directory `/home/ebony/vizia/vizia_doom_src/CMakeFiles/CMakeTmp'
Building C object CMakeFiles/cmTC_9a5ed.dir/CheckFunctionExists.c.o
/usr/bin/cc    -DCHECK_FUNCTION_EXISTS=strdup   -o CMakeFiles/cmTC_9a5ed.dir/CheckFunctionExists.c.o   -c /usr/local/share/cmake-3.4/Modules/CheckFunctionExists.c
<command-line>:0:23: warning: conflicting types for built-in function ‘strdup’ [enabled by default]
/usr/local/share/cmake-3.4/Modules/CheckFunctionExists.c:6:6: note: in expansion of macro ‘CHECK_FUNCTION_EXISTS’
 char CHECK_FUNCTION_EXISTS();
      ^
Linking C executable cmTC_9a5ed
/usr/local/bin/cmake -E cmake_link_script CMakeFiles/cmTC_9a5ed.dir/link.txt --verbose=1
/usr/bin/cc    -DCHECK_FUNCTION_EXISTS=strdup    CMakeFiles/cmTC_9a5ed.dir/CheckFunctionExists.c.o  -o cmTC_9a5ed -rdynamic 
make[1]: Leaving directory `/home/ebony/vizia/vizia_doom_src/CMakeFiles/CMakeTmp'


Determining if the function strndup exists passed with the following output:
Change Dir: /home/ebony/vizia/vizia_doom_src/CMakeFiles/CMakeTmp

Run Build Command:"/usr/bin/make" "cmTC_18fb9/fast"
/usr/bin/make -f CMakeFiles/cmTC_18fb9.dir/build.make CMakeFiles/cmTC_18fb9.dir/build
make[1]: Entering directory `/home/ebony/vizia/vizia_doom_src/CMakeFiles/CMakeTmp'
Building C object CMakeFiles/cmTC_18fb9.dir/CheckFunctionExists.c.o
/usr/bin/cc    -DCHECK_FUNCTION_EXISTS=strndup   -o CMakeFiles/cmTC_18fb9.dir/CheckFunctionExists.c.o   -c /usr/local/share/cmake-3.4/Modules/CheckFunctionExists.c
<command-line>:0:23: warning: conflicting types for built-in function ‘strndup’ [enabled by default]
/usr/local/share/cmake-3.4/Modules/CheckFunctionExists.c:6:6: note: in expansion of macro ‘CHECK_FUNCTION_EXISTS’
 char CHECK_FUNCTION_EXISTS();
      ^
Linking C executable cmTC_18fb9
/usr/local/bin/cmake -E cmake_link_script CMakeFiles/cmTC_18fb9.dir/link.txt --verbose=1
/usr/bin/cc    -DCHECK_FUNCTION_EXISTS=strndup    CMakeFiles/cmTC_18fb9.dir/CheckFunctionExists.c.o  -o cmTC_18fb9 -rdynamic 
make[1]: Leaving directory `/home/ebony/vizia/vizia_doom_src/CMakeFiles/CMakeTmp'


Determining if the include file sys/types.h exists passed with the following output:
Change Dir: /home/ebony/vizia/vizia_doom_src/CMakeFiles/CMakeTmp

Run Build Command:"/usr/bin/make" "cmTC_07cc4/fast"
/usr/bin/make -f CMakeFiles/cmTC_07cc4.dir/build.make CMakeFiles/cmTC_07cc4.dir/build
make[1]: Entering directory `/home/ebony/vizia/vizia_doom_src/CMakeFiles/CMakeTmp'
Building C object CMakeFiles/cmTC_07cc4.dir/CheckIncludeFile.c.o
/usr/bin/cc     -o CMakeFiles/cmTC_07cc4.dir/CheckIncludeFile.c.o   -c /home/ebony/vizia/vizia_doom_src/CMakeFiles/CMakeTmp/CheckIncludeFile.c
Linking C executable cmTC_07cc4
/usr/local/bin/cmake -E cmake_link_script CMakeFiles/cmTC_07cc4.dir/link.txt --verbose=1
/usr/bin/cc        CMakeFiles/cmTC_07cc4.dir/CheckIncludeFile.c.o  -o cmTC_07cc4 -rdynamic 
make[1]: Leaving directory `/home/ebony/vizia/vizia_doom_src/CMakeFiles/CMakeTmp'


Determining if the include file stdint.h exists passed with the following output:
Change Dir: /home/ebony/vizia/vizia_doom_src/CMakeFiles/CMakeTmp

Run Build Command:"/usr/bin/make" "cmTC_68e8e/fast"
/usr/bin/make -f CMakeFiles/cmTC_68e8e.dir/build.make CMakeFiles/cmTC_68e8e.dir/build
make[1]: Entering directory `/home/ebony/vizia/vizia_doom_src/CMakeFiles/CMakeTmp'
Building C object CMakeFiles/cmTC_68e8e.dir/CheckIncludeFile.c.o
/usr/bin/cc     -o CMakeFiles/cmTC_68e8e.dir/CheckIncludeFile.c.o   -c /home/ebony/vizia/vizia_doom_src/CMakeFiles/CMakeTmp/CheckIncludeFile.c
Linking C executable cmTC_68e8e
/usr/local/bin/cmake -E cmake_link_script CMakeFiles/cmTC_68e8e.dir/link.txt --verbose=1
/usr/bin/cc        CMakeFiles/cmTC_68e8e.dir/CheckIncludeFile.c.o  -o cmTC_68e8e -rdynamic 
make[1]: Leaving directory `/home/ebony/vizia/vizia_doom_src/CMakeFiles/CMakeTmp'


Determining if the include file stddef.h exists passed with the following output:
Change Dir: /home/ebony/vizia/vizia_doom_src/CMakeFiles/CMakeTmp

Run Build Command:"/usr/bin/make" "cmTC_b8c45/fast"
/usr/bin/make -f CMakeFiles/cmTC_b8c45.dir/build.make CMakeFiles/cmTC_b8c45.dir/build
make[1]: Entering directory `/home/ebony/vizia/vizia_doom_src/CMakeFiles/CMakeTmp'
Building C object CMakeFiles/cmTC_b8c45.dir/CheckIncludeFile.c.o
/usr/bin/cc     -o CMakeFiles/cmTC_b8c45.dir/CheckIncludeFile.c.o   -c /home/ebony/vizia/vizia_doom_src/CMakeFiles/CMakeTmp/CheckIncludeFile.c
Linking C executable cmTC_b8c45
/usr/local/bin/cmake -E cmake_link_script CMakeFiles/cmTC_b8c45.dir/link.txt --verbose=1
/usr/bin/cc        CMakeFiles/cmTC_b8c45.dir/CheckIncludeFile.c.o  -o cmTC_b8c45 -rdynamic 
make[1]: Leaving directory `/home/ebony/vizia/vizia_doom_src/CMakeFiles/CMakeTmp'


Determining size of char passed with the following output:
Change Dir: /home/ebony/vizia/vizia_doom_src/CMakeFiles/CMakeTmp

Run Build Command:"/usr/bin/make" "cmTC_5b52b/fast"
/usr/bin/make -f CMakeFiles/cmTC_5b52b.dir/build.make CMakeFiles/cmTC_5b52b.dir/build
make[1]: Entering directory `/home/ebony/vizia/vizia_doom_src/CMakeFiles/CMakeTmp'
Building C object CMakeFiles/cmTC_5b52b.dir/SIZEOF_CHAR.c.o
/usr/bin/cc     -o CMakeFiles/cmTC_5b52b.dir/SIZEOF_CHAR.c.o   -c /home/ebony/vizia/vizia_doom_src/CMakeFiles/CheckTypeSize/SIZEOF_CHAR.c
Linking C executable cmTC_5b52b
/usr/local/bin/cmake -E cmake_link_script CMakeFiles/cmTC_5b52b.dir/link.txt --verbose=1
/usr/bin/cc        CMakeFiles/cmTC_5b52b.dir/SIZEOF_CHAR.c.o  -o cmTC_5b52b -rdynamic 
make[1]: Leaving directory `/home/ebony/vizia/vizia_doom_src/CMakeFiles/CMakeTmp'


Determining size of short passed with the following output:
Change Dir: /home/ebony/vizia/vizia_doom_src/CMakeFiles/CMakeTmp

Run Build Command:"/usr/bin/make" "cmTC_f7bfa/fast"
/usr/bin/make -f CMakeFiles/cmTC_f7bfa.dir/build.make CMakeFiles/cmTC_f7bfa.dir/build
make[1]: Entering directory `/home/ebony/vizia/vizia_doom_src/CMakeFiles/CMakeTmp'
Building C object CMakeFiles/cmTC_f7bfa.dir/SIZEOF_SHORT.c.o
/usr/bin/cc     -o CMakeFiles/cmTC_f7bfa.dir/SIZEOF_SHORT.c.o   -c /home/ebony/vizia/vizia_doom_src/CMakeFiles/CheckTypeSize/SIZEOF_SHORT.c
Linking C executable cmTC_f7bfa
/usr/local/bin/cmake -E cmake_link_script CMakeFiles/cmTC_f7bfa.dir/link.txt --verbose=1
/usr/bin/cc        CMakeFiles/cmTC_f7bfa.dir/SIZEOF_SHORT.c.o  -o cmTC_f7bfa -rdynamic 
make[1]: Leaving directory `/home/ebony/vizia/vizia_doom_src/CMakeFiles/CMakeTmp'


Determining size of int passed with the following output:
Change Dir: /home/ebony/vizia/vizia_doom_src/CMakeFiles/CMakeTmp

Run Build Command:"/usr/bin/make" "cmTC_36e25/fast"
/usr/bin/make -f CMakeFiles/cmTC_36e25.dir/build.make CMakeFiles/cmTC_36e25.dir/build
make[1]: Entering directory `/home/ebony/vizia/vizia_doom_src/CMakeFiles/CMakeTmp'
Building C object CMakeFiles/cmTC_36e25.dir/SIZEOF_INT.c.o
/usr/bin/cc     -o CMakeFiles/cmTC_36e25.dir/SIZEOF_INT.c.o   -c /home/ebony/vizia/vizia_doom_src/CMakeFiles/CheckTypeSize/SIZEOF_INT.c
Linking C executable cmTC_36e25
/usr/local/bin/cmake -E cmake_link_script CMakeFiles/cmTC_36e25.dir/link.txt --verbose=1
/usr/bin/cc        CMakeFiles/cmTC_36e25.dir/SIZEOF_INT.c.o  -o cmTC_36e25 -rdynamic 
make[1]: Leaving directory `/home/ebony/vizia/vizia_doom_src/CMakeFiles/CMakeTmp'


Determining size of long passed with the following output:
Change Dir: /home/ebony/vizia/vizia_doom_src/CMakeFiles/CMakeTmp

Run Build Command:"/usr/bin/make" "cmTC_243db/fast"
/usr/bin/make -f CMakeFiles/cmTC_243db.dir/build.make CMakeFiles/cmTC_243db.dir/build
make[1]: Entering directory `/home/ebony/vizia/vizia_doom_src/CMakeFiles/CMakeTmp'
Building C object CMakeFiles/cmTC_243db.dir/SIZEOF_LONG.c.o
/usr/bin/cc     -o CMakeFiles/cmTC_243db.dir/SIZEOF_LONG.c.o   -c /home/ebony/vizia/vizia_doom_src/CMakeFiles/CheckTypeSize/SIZEOF_LONG.c
Linking C executable cmTC_243db
/usr/local/bin/cmake -E cmake_link_script CMakeFiles/cmTC_243db.dir/link.txt --verbose=1
/usr/bin/cc        CMakeFiles/cmTC_243db.dir/SIZEOF_LONG.c.o  -o cmTC_243db -rdynamic 
make[1]: Leaving directory `/home/ebony/vizia/vizia_doom_src/CMakeFiles/CMakeTmp'


Performing C++ SOURCE FILE Test DUMB_CAN_USE_SSE succeded with the following output:
Change Dir: /home/ebony/vizia/vizia_doom_src/CMakeFiles/CMakeTmp

Run Build Command:"/usr/bin/make" "cmTC_c0de2/fast"
/usr/bin/make -f CMakeFiles/cmTC_c0de2.dir/build.make CMakeFiles/cmTC_c0de2.dir/build
make[1]: Entering directory `/home/ebony/vizia/vizia_doom_src/CMakeFiles/CMakeTmp'
Building CXX object CMakeFiles/cmTC_c0de2.dir/src.cxx.o
/usr/bin/c++     -DDUMB_CAN_USE_SSE   -msse -o CMakeFiles/cmTC_c0de2.dir/src.cxx.o -c /home/ebony/vizia/vizia_doom_src/CMakeFiles/CMakeTmp/src.cxx
Linking CXX executable cmTC_c0de2
/usr/local/bin/cmake -E cmake_link_script CMakeFiles/cmTC_c0de2.dir/link.txt --verbose=1
/usr/bin/c++     -DDUMB_CAN_USE_SSE    CMakeFiles/cmTC_c0de2.dir/src.cxx.o  -o cmTC_c0de2 -rdynamic 
make[1]: Leaving directory `/home/ebony/vizia/vizia_doom_src/CMakeFiles/CMakeTmp'

Source file was:
int main() { return 0; }
Determining if the include file pthread.h exists passed with the following output:
Change Dir: /home/ebony/vizia/vizia_doom_src/CMakeFiles/CMakeTmp

Run Build Command:"/usr/bin/make" "cmTC_9304f/fast"
/usr/bin/make -f CMakeFiles/cmTC_9304f.dir/build.make CMakeFiles/cmTC_9304f.dir/build
make[1]: Entering directory `/home/ebony/vizia/vizia_doom_src/CMakeFiles/CMakeTmp'
Building C object CMakeFiles/cmTC_9304f.dir/CheckIncludeFile.c.o
/usr/bin/cc     -o CMakeFiles/cmTC_9304f.dir/CheckIncludeFile.c.o   -c /home/ebony/vizia/vizia_doom_src/CMakeFiles/CMakeTmp/CheckIncludeFile.c
Linking C executable cmTC_9304f
/usr/local/bin/cmake -E cmake_link_script CMakeFiles/cmTC_9304f.dir/link.txt --verbose=1
/usr/bin/cc        CMakeFiles/cmTC_9304f.dir/CheckIncludeFile.c.o  -o cmTC_9304f -rdynamic 
make[1]: Leaving directory `/home/ebony/vizia/vizia_doom_src/CMakeFiles/CMakeTmp'


Determining if the function pthread_create exists in the pthread passed with the following output:
Change Dir: /home/ebony/vizia/vizia_doom_src/CMakeFiles/CMakeTmp

Run Build Command:"/usr/bin/make" "cmTC_60a37/fast"
/usr/bin/make -f CMakeFiles/cmTC_60a37.dir/build.make CMakeFiles/cmTC_60a37.dir/build
make[1]: Entering directory `/home/ebony/vizia/vizia_doom_src/CMakeFiles/CMakeTmp'
Building C object CMakeFiles/cmTC_60a37.dir/CheckFunctionExists.c.o
/usr/bin/cc    -DCHECK_FUNCTION_EXISTS=pthread_create   -o CMakeFiles/cmTC_60a37.dir/CheckFunctionExists.c.o   -c /usr/local/share/cmake-3.4/Modules/CheckFunctionExists.c
Linking C executable cmTC_60a37
/usr/local/bin/cmake -E cmake_link_script CMakeFiles/cmTC_60a37.dir/link.txt --verbose=1
/usr/bin/cc    -DCHECK_FUNCTION_EXISTS=pthread_create    CMakeFiles/cmTC_60a37.dir/CheckFunctionExists.c.o  -o cmTC_60a37 -rdynamic -lpthread 
make[1]: Leaving directory `/home/ebony/vizia/vizia_doom_src/CMakeFiles/CMakeTmp'


Determining if the function clock_gettime exists in the rt passed with the following output:
Change Dir: /home/ebony/vizia/vizia_doom_src/CMakeFiles/CMakeTmp

Run Build Command:"/usr/bin/make" "cmTC_e2ab2/fast"
/usr/bin/make -f CMakeFiles/cmTC_e2ab2.dir/build.make CMakeFiles/cmTC_e2ab2.dir/build
make[1]: Entering directory `/home/ebony/vizia/vizia_doom_src/CMakeFiles/CMakeTmp'
Building C object CMakeFiles/cmTC_e2ab2.dir/CheckFunctionExists.c.o
/usr/bin/cc    -DCHECK_FUNCTION_EXISTS=clock_gettime   -o CMakeFiles/cmTC_e2ab2.dir/CheckFunctionExists.c.o   -c /usr/local/share/cmake-3.4/Modules/CheckFunctionExists.c
Linking C executable cmTC_e2ab2
/usr/local/bin/cmake -E cmake_link_script CMakeFiles/cmTC_e2ab2.dir/link.txt --verbose=1
/usr/bin/cc    -DCHECK_FUNCTION_EXISTS=clock_gettime    CMakeFiles/cmTC_e2ab2.dir/CheckFunctionExists.c.o  -o cmTC_e2ab2 -rdynamic -lrt 
make[1]: Leaving directory `/home/ebony/vizia/vizia_doom_src/CMakeFiles/CMakeTmp'


Performing C++ SOURCE FILE Test HAS_VA_COPY succeded with the following output:
Change Dir: /home/ebony/vizia/vizia_doom_src/CMakeFiles/CMakeTmp

Run Build Command:"/usr/bin/make" "cmTC_ef184/fast"
/usr/bin/make -f CMakeFiles/cmTC_ef184.dir/build.make CMakeFiles/cmTC_ef184.dir/build
make[1]: Entering directory `/home/ebony/vizia/vizia_doom_src/CMakeFiles/CMakeTmp'
Building CXX object CMakeFiles/cmTC_ef184.dir/src.cxx.o
/usr/bin/c++     -Wall -Wextra -Wno-unused -Wno-unused-parameter -Wno-missing-field-initializers   -DHAS_VA_COPY   -o CMakeFiles/cmTC_ef184.dir/src.cxx.o -c /home/ebony/vizia/vizia_doom_src/CMakeFiles/CMakeTmp/src.cxx
Linking CXX executable cmTC_ef184
/usr/local/bin/cmake -E cmake_link_script CMakeFiles/cmTC_ef184.dir/link.txt --verbose=1
/usr/bin/c++   -Wall -Wextra -Wno-unused -Wno-unused-parameter -Wno-missing-field-initializers   -DHAS_VA_COPY    CMakeFiles/cmTC_ef184.dir/src.cxx.o  -o cmTC_ef184 -rdynamic 
make[1]: Leaving directory `/home/ebony/vizia/vizia_doom_src/CMakeFiles/CMakeTmp'

Source file was:
#include <stdarg.h>
	int main() { va_list list1, list2; va_copy(list1, list2); return 0; }
